This is pdfTeX, Version 3.141592653-2.6-1.40.25 (MiKTeX 24.1) (preloaded format=pdflatex 2024.3.11)  24 APR 2024 19:58
entering extended mode
 restricted \write18 enabled.
 %&-line parsing enabled.
**./Chap2.tex
(Chap2.tex
LaTeX2e <2023-11-01> patch level 1
L3 programming layer <2024-01-04>
(C:\miktec\tex/latex/base\report.cls
Document Class: report 2023/05/17 v1.4n Standard LaTeX document class
(C:\miktec\tex/latex/base\size12.clo
File: size12.clo 2023/05/17 v1.4n Standard LaTeX file (size option)
)
\c@part=\count187
\c@chapter=\count188
\c@section=\count189
\c@subsection=\count190
\c@subsubsection=\count191
\c@paragraph=\count192
\c@subparagraph=\count193
\c@figure=\count194
\c@table=\count195
\abovecaptionskip=\skip48
\belowcaptionskip=\skip49
\bibindent=\dimen140
)
(C:\miktec\tex/latex/graphics\graphicx.sty
Package: graphicx 2021/09/16 v1.2d Enhanced LaTeX Graphics (DPC,SPQR)

(C:\miktec\tex/latex/graphics\keyval.sty
Package: keyval 2022/05/29 v1.15 key=value parser (DPC)
\KV@toks@=\toks17
)
(C:\miktec\tex/latex/graphics\graphics.sty
Package: graphics 2022/03/10 v1.4e Standard LaTeX Graphics (DPC,SPQR)

(C:\miktec\tex/latex/graphics\trig.sty
Package: trig 2021/08/11 v1.11 sin cos tan (DPC)
)
(C:\miktec\tex/latex/graphics-cfg\graphics.cfg
File: graphics.cfg 2016/06/04 v1.11 sample graphics configuration
)
Package graphics Info: Driver file: pdftex.def on input line 107.

(C:\miktec\tex/latex/graphics-def\pdftex.def
File: pdftex.def 2022/09/22 v1.2b Graphics/color driver for pdftex
))
\Gin@req@height=\dimen141
\Gin@req@width=\dimen142
)
(C:\miktec\tex/latex/natbib\natbib.sty
Package: natbib 2010/09/13 8.31b (PWD, AO)
\bibhang=\skip50
\bibsep=\skip51
LaTeX Info: Redefining \cite on input line 694.
\c@NAT@ctr=\count196
) (C:\miktec\tex/latex/tools\array.sty
Package: array 2023/10/16 v2.5g Tabular extension package (FMi)
\col@sep=\dimen143
\ar@mcellbox=\box51
\extrarowheight=\dimen144
\NC@list=\toks18
\extratabsurround=\skip52
\backup@length=\skip53
\ar@cellbox=\box52
)
(C:\miktec\tex/latex/lipsum\lipsum.sty
(C:\miktec\tex/latex/l3packages/l3keys2e\l3keys2e.sty
(C:\miktec\tex/latex/l3kernel\expl3.sty
Package: expl3 2024-01-04 L3 programming layer (loader) 

(C:\miktec\tex/latex/l3backend\l3backend-pdftex.def
File: l3backend-pdftex.def 2024-01-04 L3 backend support: PDF output (pdfTeX)
\l__color_backend_stack_int=\count197
\l__pdf_internal_box=\box53
))
Package: l3keys2e 2023-10-10 LaTeX2e option processing using LaTeX3 keys
)
Package: lipsum 2021-09-20 v2.7 150 paragraphs of Lorem Ipsum dummy text
\g__lipsum_par_int=\count198
\l__lipsum_a_int=\count199
\l__lipsum_b_int=\count266

(C:\miktec\tex/latex/lipsum\lipsum.ltd.tex))
(C:\miktec\tex/latex/float\float.sty
Package: float 2001/11/08 v1.3d Float enhancements (AL)
\c@float@type=\count267
\float@exts=\toks19
\float@box=\box54
\@float@everytoks=\toks20
\@floatcapt=\box55
) (C:\miktec\tex/latex/siunitx\siunitx.sty
Package: siunitx 2024-02-15 v3.3.12 A comprehensive (SI) units package
\l__siunitx_number_uncert_offset_int=\count268
\l__siunitx_number_exponent_fixed_int=\count269
\l__siunitx_number_min_decimal_int=\count270
\l__siunitx_number_min_integer_int=\count271
\l__siunitx_number_round_precision_int=\count272
\l__siunitx_number_lower_threshold_int=\count273
\l__siunitx_number_upper_threshold_int=\count274
\l__siunitx_number_group_first_int=\count275
\l__siunitx_number_group_size_int=\count276
\l__siunitx_number_group_minimum_int=\count277
\l__siunitx_angle_tmp_dim=\dimen145
\l__siunitx_angle_marker_box=\box56
\l__siunitx_angle_unit_box=\box57
\l__siunitx_compound_count_int=\count278

(C:\miktec\tex/latex/translations\translations.sty
Package: translations 2022/02/05 v1.12 internationalization of LaTeX2e packages
 (CN)

(C:\miktec\tex/latex/etoolbox\etoolbox.sty
Package: etoolbox 2020/10/05 v2.5k e-TeX tools for LaTeX (JAW)
\etb@tempcnta=\count279
)
(C:\miktec\tex/generic/pdftexcmds\pdftexcmds.sty
Package: pdftexcmds 2020-06-27 v0.33 Utility functions of pdfTeX for LuaTeX (HO
)

(C:\miktec\tex/generic/infwarerr\infwarerr.sty
Package: infwarerr 2019/12/03 v1.5 Providing info/warning/error messages (HO)
)
(C:\miktec\tex/generic/iftex\iftex.sty
Package: iftex 2022/02/03 v1.0f TeX engine tests
)
(C:\miktec\tex/generic/ltxcmds\ltxcmds.sty
Package: ltxcmds 2023-12-04 v1.26 LaTeX kernel commands for general use (HO)
)
Package pdftexcmds Info: \pdf@primitive is available.
Package pdftexcmds Info: \pdf@ifprimitive is available.
Package pdftexcmds Info: \pdfdraftmode found.
))
(C:\miktec\tex/latex/amsmath\amstext.sty
Package: amstext 2021/08/26 v2.01 AMS text

(C:\miktec\tex/latex/amsmath\amsgen.sty
File: amsgen.sty 1999/11/30 v2.0 generic functions
\@emptytoks=\toks21
\ex@=\dimen146
))
\l__siunitx_table_tmp_box=\box58
\l__siunitx_table_tmp_dim=\dimen147
\l__siunitx_table_column_width_dim=\dimen148
\l__siunitx_table_integer_box=\box59
\l__siunitx_table_decimal_box=\box60
\l__siunitx_table_uncert_box=\box61
\l__siunitx_table_before_box=\box62
\l__siunitx_table_after_box=\box63
\l__siunitx_table_before_dim=\dimen149
\l__siunitx_table_carry_dim=\dimen150
\l__siunitx_unit_tmp_int=\count280
\l__siunitx_unit_position_int=\count281
\l__siunitx_unit_total_int=\count282
)
(C:\miktec\tex/latex/xcolor\xcolor.sty
Package: xcolor 2023/11/15 v3.01 LaTeX color extensions (UK)

(C:\miktec\tex/latex/graphics-cfg\color.cfg
File: color.cfg 2016/01/02 v1.6 sample color configuration
)
Package xcolor Info: Driver file: pdftex.def on input line 274.

(C:\miktec\tex/latex/graphics\mathcolor.ltx)
Package xcolor Info: Model `cmy' substituted by `cmy0' on input line 1350.
Package xcolor Info: Model `hsb' substituted by `rgb' on input line 1354.
Package xcolor Info: Model `RGB' extended on input line 1366.
Package xcolor Info: Model `HTML' substituted by `rgb' on input line 1368.
Package xcolor Info: Model `Hsb' substituted by `hsb' on input line 1369.
Package xcolor Info: Model `tHsb' substituted by `hsb' on input line 1370.
Package xcolor Info: Model `HSB' substituted by `hsb' on input line 1371.
Package xcolor Info: Model `Gray' substituted by `gray' on input line 1372.
Package xcolor Info: Model `wave' substituted by `hsb' on input line 1373.
)
(C:\miktec\tex/latex/base\fontenc.sty
Package: fontenc 2021/04/29 v2.0v Standard LaTeX package
) (C:\miktec\tex/latex/base\inputenc.sty
Package: inputenc 2021/02/14 v1.3d Input encoding file
\inpenc@prehook=\toks22
\inpenc@posthook=\toks23
)
(C:\miktec\tex/latex/geometry\geometry.sty
Package: geometry 2020/01/02 v5.9 Page Geometry

(C:\miktec\tex/generic/iftex\ifvtex.sty
Package: ifvtex 2019/10/25 v1.7 ifvtex legacy package. Use iftex instead.
)
\Gm@cnth=\count283
\Gm@cntv=\count284
\c@Gm@tempcnt=\count285
\Gm@bindingoffset=\dimen151
\Gm@wd@mp=\dimen152
\Gm@odd@mp=\dimen153
\Gm@even@mp=\dimen154
\Gm@layoutwidth=\dimen155
\Gm@layoutheight=\dimen156
\Gm@layouthoffset=\dimen157
\Gm@layoutvoffset=\dimen158
\Gm@dimlist=\toks24

(C:\miktec\tex/latex/geometry\geometry.cfg))
Package translations Info: No language package found. I am going to use `englis
h' as default language. on input line 13.
 (Chap2.aux)
\openout1 = `Chap2.aux'.

LaTeX Font Info:    Checking defaults for OML/cmm/m/it on input line 13.
LaTeX Font Info:    ... okay on input line 13.
LaTeX Font Info:    Checking defaults for OMS/cmsy/m/n on input line 13.
LaTeX Font Info:    ... okay on input line 13.
LaTeX Font Info:    Checking defaults for OT1/cmr/m/n on input line 13.
LaTeX Font Info:    ... okay on input line 13.
LaTeX Font Info:    Checking defaults for T1/cmr/m/n on input line 13.
LaTeX Font Info:    ... okay on input line 13.
LaTeX Font Info:    Checking defaults for TS1/cmr/m/n on input line 13.
LaTeX Font Info:    ... okay on input line 13.
LaTeX Font Info:    Checking defaults for OMX/cmex/m/n on input line 13.
LaTeX Font Info:    ... okay on input line 13.
LaTeX Font Info:    Checking defaults for U/cmr/m/n on input line 13.
LaTeX Font Info:    ... okay on input line 13.

(C:\miktec\tex/context/base/mkii\supp-pdf.mkii
[Loading MPS to PDF converter (version 2006.09.02).]
\scratchcounter=\count286
\scratchdimen=\dimen159
\scratchbox=\box64
\nofMPsegments=\count287
\nofMParguments=\count288
\everyMPshowfont=\toks25
\MPscratchCnt=\count289
\MPscratchDim=\dimen160
\MPnumerator=\count290
\makeMPintoPDFobject=\count291
\everyMPtoPDFconversion=\toks26
) (C:\miktec\tex/latex/epstopdf-pkg\epstopdf-base.sty
Package: epstopdf-base 2020-01-24 v2.11 Base part for package epstopdf
Package epstopdf-base Info: Redefining graphics rule for `.eps' on input line 4
85.

(C:\miktec\tex/latex/00miktex\epstopdf-sys.cfg
File: epstopdf-sys.cfg 2021/03/18 v2.0 Configuration of epstopdf for MiKTeX
))
(C:\miktec\tex/latex/translations/dicts\translations-basic-dictionary-english.t
rsl
File: translations-basic-dictionary-english.trsl (english translation file `tra
nslations-basic-dictionary')
)
Package translations Info: loading dictionary `translations-basic-dictionary' f
or `english'. on input line 13.

*geometry* driver: auto-detecting
*geometry* detected driver: pdftex
*geometry* verbose mode - [ preamble ] result:
* driver: pdftex
* paper: a4paper
* layout: <same size as paper>
* layoutoffset:(h,v)=(0.0pt,0.0pt)
* modes: 
* h-part:(L,W,R)=(71.13188pt, 455.24411pt, 71.13188pt)
* v-part:(T,H,B)=(85.35826pt, 674.33032pt, 85.35826pt)
* \paperwidth=597.50787pt
* \paperheight=845.04684pt
* \textwidth=455.24411pt
* \textheight=674.33032pt
* \oddsidemargin=-1.1381pt
* \evensidemargin=-1.1381pt
* \topmargin=-23.91173pt
* \headheight=12.0pt
* \headsep=25.0pt
* \topskip=12.0pt
* \footskip=30.0pt
* \marginparwidth=35.0pt
* \marginparsep=10.0pt
* \columnsep=10.0pt
* \skip\footins=10.8pt plus 4.0pt minus 2.0pt
* \hoffset=0.0pt
* \voffset=0.0pt
* \mag=1000
* \@twocolumnfalse
* \@twosidefalse
* \@mparswitchfalse
* \@reversemarginfalse
* (1in=72.27pt=25.4mm, 1cm=28.453pt)

Chapter 1.
[1


{C:/Users/HIBA/AppData/Local/MiKTeX/2.9/fonts/map/pdftex/pdftex.map}]
[2]
Overfull \hbox (10.62961pt too wide) in paragraph at lines 69--70
[]\T1/cmr/m/n/12 Le load bal-anc-ing peut aus-si être u-til-isé pour ré-par-tir
 le traf-ic en-tre plusieurs équipements
 []

[3]
Overfull \hbox (3.23714pt too wide) in paragraph at lines 92--93
\T1/cmr/m/n/12 .Cette com-pat-i-bil-ité per-me-t un-e in-té-gra-tion har-monieu
se du SD-WAN avec les équipements
 []

LaTeX Font Info:    External font `cmex10' loaded for size
(Font)              <12> on input line 101.
LaTeX Font Info:    External font `cmex10' loaded for size
(Font)              <8> on input line 101.
LaTeX Font Info:    External font `cmex10' loaded for size
(Font)              <6> on input line 101.

Underfull \hbox (badness 10000) in paragraph at lines 108--110
[]|\T1/cmr/m/n/12 -Services de
 []


Underfull \hbox (badness 10000) in paragraph at lines 108--110
\T1/cmr/m/n/12 routage clas-
 []


Underfull \hbox (badness 10000) in paragraph at lines 108--110
\T1/cmr/m/n/12 - Mi-gra-tion
 []


Underfull \hbox (badness 7486) in paragraph at lines 108--110
\T1/cmr/m/n/12 flu-ide et in-té-
 []


Underfull \hbox (badness 10000) in paragraph at lines 108--110
\T1/cmr/m/n/12 gra-tion har-
 []


Underfull \hbox (badness 10000) in paragraph at lines 108--110
\T1/cmr/m/n/12 monieuse des
 []


Underfull \hbox (badness 10000) in paragraph at lines 108--110
\T1/cmr/m/n/12 fonc-tion-nal-ités
 []


Underfull \hbox (badness 10000) in paragraph at lines 108--110
\T1/cmr/m/n/12 SD-WAN avec
 []


Underfull \hbox (badness 10000) in paragraph at lines 108--110
\T1/cmr/m/n/12 sique sur un-e
 []


Underfull \hbox (badness 10000) in paragraph at lines 108--110
\T1/cmr/m/n/12 même plate-
 []


Underfull \hbox (badness 10000) in paragraph at lines 110--110
\T1/cmr/m/n/12 d'un SD-WAN
 []


Underfull \hbox (badness 10000) in paragraph at lines 110--110
\T1/cmr/m/n/12 n'implique
 []


Underfull \hbox (badness 10000) in paragraph at lines 110--110
\T1/cmr/m/n/12 ni l'ajout de
 []


Underfull \hbox (badness 10000) in paragraph at lines 110--110
\T1/cmr/m/n/12 com-posants
 []


Underfull \hbox (badness 10000) in paragraph at lines 110--110
\T1/cmr/m/n/12 sup-plé-men-taires
 []


Underfull \hbox (badness 10000) in paragraph at lines 110--110
\T1/cmr/m/n/12 mod-i-fi-er votre
 []


Underfull \hbox (badness 10000) in paragraph at lines 110--110
\T1/cmr/m/n/12 in-fras-truc-ture
 []


Underfull \hbox (badness 2875) in paragraph at lines 110--111
[]|\T1/cmr/m/n/12 -Migration san-
 []


Underfull \hbox (badness 10000) in paragraph at lines 112--113
[]\T1/cmr/m/n/12 -fonctionnalités
 []


Underfull \hbox (badness 10000) in paragraph at lines 112--113
\T1/cmr/m/n/12 clas-siques de
 []


Underfull \hbox (badness 10000) in paragraph at lines 112--113
\T1/cmr/m/n/12 routage re-
 []


Underfull \hbox (badness 1558) in paragraph at lines 112--113
\T1/cmr/m/n/12 streintes sur la
 []


Underfull \hbox (badness 10000) in paragraph at lines 112--113
\T1/cmr/m/n/12 même plate-
 []


Underfull \hbox (badness 10000) in paragraph at lines 113--114
[]|\T1/cmr/m/n/12 - L'utilisation
 []


Underfull \hbox (badness 10000) in paragraph at lines 113--114
\T1/cmr/m/n/12 d'un SD-WAN
 []


Underfull \hbox (badness 10000) in paragraph at lines 119--122
[]|\T1/cmr/m/n/12 - Les com-
 []


Underfull \hbox (badness 10000) in paragraph at lines 119--122
\T1/cmr/m/n/12 posants dédiés
 []


Underfull \hbox (badness 10000) in paragraph at lines 119--122
\T1/cmr/m/n/12 à l'évolutivité
 []


Underfull \hbox (badness 5119) in paragraph at lines 119--122
\T1/cmr/m/n/12 et aux per-for-
 []


Underfull \hbox (badness 2735) in paragraph at lines 119--122
\T1/cmr/m/n/12 en-tre les plan-s
 []


Underfull \hbox (badness 10000) in paragraph at lines 119--122
\T1/cmr/m/n/12 de con-trôle,
 []


Underfull \hbox (badness 10000) in paragraph at lines 119--122
\T1/cmr/m/n/12 de don-nées
 []


Underfull \hbox (badness 7832) in paragraph at lines 119--122
\T1/cmr/m/n/12 et de ges-tion,
 []


Underfull \hbox (badness 5756) in paragraph at lines 119--122
\T1/cmr/m/n/12 four-nissent un-e
 []


Underfull \hbox (badness 10000) in paragraph at lines 119--122
\T1/cmr/m/n/12 ar-chi-tec-ture
 []


Underfull \hbox (badness 10000) in paragraph at lines 119--122
\T1/cmr/m/n/12 com-pat-i-ble
 []


Underfull \hbox (badness 10000) in paragraph at lines 119--122
\T1/cmr/m/n/12 avec S-D-N.
 []


Underfull \hbox (badness 10000) in paragraph at lines 119--122
\T1/cmr/m/n/12 -Flexibilité
 []


Underfull \hbox (badness 10000) in paragraph at lines 119--122
\T1/cmr/m/n/12 pour a-juster
 []


Underfull \hbox (badness 10000) in paragraph at lines 119--122
\T1/cmr/m/n/12 l'architecture
 []


Underfull \hbox (badness 5475) in paragraph at lines 119--122
\T1/cmr/m/n/12 à l'objectif de
 []


Underfull \hbox (badness 2189) in paragraph at lines 119--122
\T1/cmr/m/n/12 l'entreprise. -
 []


Underfull \hbox (badness 10000) in paragraph at lines 119--122
\T1/cmr/m/n/12 le dé-ploiemen-t
 []


Underfull \hbox (badness 10000) in paragraph at lines 119--122
\T1/cmr/m/n/12 Cis-co Cloud
 []


Underfull \hbox (badness 3323) in paragraph at lines 122--122
[]|\T1/cmr/m/n/12 - An-ci-enne in-
 []


Underfull \hbox (badness 5189) in paragraph at lines 122--122
\T1/cmr/m/n/12 fras-truc-ture re-
 []


Underfull \hbox (badness 5331) in paragraph at lines 122--122
\T1/cmr/m/n/12 posan-t sur un
 []


Underfull \hbox (badness 10000) in paragraph at lines 122--122
[]|\T1/cmr/m/n/12 - An-ci-enne
 []


Underfull \hbox (badness 10000) in paragraph at lines 122--122
\T1/cmr/m/n/12 in-fras-truc-ture
 []


Underfull \hbox (badness 10000) in paragraph at lines 122--122
\T1/cmr/m/n/12 com-bi-nan-t les
 []


Underfull \hbox (badness 10000) in paragraph at lines 122--124
[]|\T1/cmr/m/n/12 - Des com-
 []


Underfull \hbox (badness 10000) in paragraph at lines 122--124
\T1/cmr/m/n/12 posants spé-
 []


Underfull \hbox (badness 10000) in paragraph at lines 122--124
\T1/cmr/m/n/12 cial-isés pour
 []


Underfull \hbox (badness 1953) in paragraph at lines 122--124
\T1/cmr/m/n/12 le con-trôle, les
 []


Underfull \hbox (badness 10000) in paragraph at lines 122--124
\T1/cmr/m/n/12 don-nées et la
 []


Overfull \hbox (22.33128pt too wide) in paragraph at lines 101--126
 |  [] 
 []


Underfull \hbox (badness 10000) in paragraph at lines 135--136
[]|\T1/cmr/m/n/12 -La sélec-tion
 []


Underfull \hbox (badness 10000) in paragraph at lines 135--136
\T1/cmr/m/n/12 dy-namique des
 []


Underfull \hbox (badness 1107) in paragraph at lines 135--136
\T1/cmr/m/n/12 chemins per-me-t
 []


Underfull \hbox (badness 10000) in paragraph at lines 135--136
\T1/cmr/m/n/12 aux ap-pli-ca-
 []


Underfull \hbox (badness 10000) in paragraph at lines 135--136
\T1/cmr/m/n/12 tion-s cri-tiques
 []


Underfull \hbox (badness 10000) in paragraph at lines 135--136
\T1/cmr/m/n/12 tique-men-t les
 []


Underfull \hbox (badness 10000) in paragraph at lines 135--136
\T1/cmr/m/n/12 prob-lèmes de
 []


Underfull \hbox (badness 10000) in paragraph at lines 135--136
\T1/cmr/m/n/12 croseg-men-ta-tion
 []


Underfull \hbox (badness 1057) in paragraph at lines 135--136
\T1/cmr/m/n/12 poli-tiques basée
 []


Underfull \hbox (badness 10000) in paragraph at lines 135--136
\T1/cmr/m/n/12 sur l'identité
 []


Underfull \hbox (badness 10000) in paragraph at lines 135--136
\T1/cmr/m/n/12 fa-cili-ten-t
 []


Underfull \hbox (badness 10000) in paragraph at lines 135--136
\T1/cmr/m/n/12 l'application
 []


Underfull \hbox (badness 10000) in paragraph at lines 135--136
\T1/cmr/m/n/12 co-hérente de
 []


Underfull \hbox (badness 10000) in paragraph at lines 135--136
\T1/cmr/m/n/12 poli-tiques mul-
 []


Underfull \hbox (badness 10000) in paragraph at lines 135--136
\T1/cmr/m/n/12 ti-sites pour
 []


Underfull \hbox (badness 10000) in paragraph at lines 135--136
\T1/cmr/m/n/12 as-sur-er un-
 []


Underfull \hbox (badness 10000) in paragraph at lines 135--136
\T1/cmr/m/n/12 e ex-péri-ence
 []


Underfull \hbox (badness 10000) in paragraph at lines 135--136
\T1/cmr/m/n/12 u-til-isa-teur u-ni-
 []


Underfull \hbox (badness 10000) in paragraph at lines 136--136
[]|\T1/cmr/m/n/12 - La ges-tion
 []


Underfull \hbox (badness 10000) in paragraph at lines 136--136
\T1/cmr/m/n/12 sé-parée des
 []


Underfull \hbox (badness 6708) in paragraph at lines 136--136
\T1/cmr/m/n/12 poli-tiques pour
 []


Underfull \hbox (badness 10000) in paragraph at lines 136--136
\T1/cmr/m/n/12 le SD-WAN
 []


Underfull \hbox (badness 10000) in paragraph at lines 136--136
\T1/cmr/m/n/12 et le pare-
 []


Underfull \hbox (badness 10000) in paragraph at lines 136--136
\T1/cmr/m/n/12 feu com-plique
 []


Underfull \hbox (badness 10000) in paragraph at lines 136--136
\T1/cmr/m/n/12 l'ingénierie du
 []


Underfull \hbox (badness 10000) in paragraph at lines 136--136
\T1/cmr/m/n/12 traf-ic et la
 []


Underfull \hbox (badness 10000) in paragraph at lines 136--136
\T1/cmr/m/n/12 trans-mis-sion
 []


Underfull \hbox (badness 10000) in paragraph at lines 136--136
\T1/cmr/m/n/12 de poli-tiques
 []


Underfull \hbox (badness 10000) in paragraph at lines 136--136
\T1/cmr/m/n/12 les plan-s de
 []


Underfull \hbox (badness 5847) in paragraph at lines 136--136
\T1/cmr/m/n/12 con-trôle et de
 []


Underfull \hbox (badness 10000) in paragraph at lines 136--136
[]|\T1/cmr/m/n/12 -Bien que les
 []


Underfull \hbox (badness 4391) in paragraph at lines 136--136
\T1/cmr/m/n/12 poli-tiques puis-
 []


Underfull \hbox (badness 10000) in paragraph at lines 136--136
\T1/cmr/m/n/12 et réu-til-isées
 []


Underfull \hbox (badness 10000) in paragraph at lines 136--136
\T1/cmr/m/n/12 pour répon-dre
 []


Underfull \hbox (badness 10000) in paragraph at lines 136--136
\T1/cmr/m/n/12 aux be-soin-s
 []


Underfull \hbox (badness 10000) in paragraph at lines 136--136
\T1/cmr/m/n/12 de l'entreprise,
 []


Underfull \hbox (badness 10000) in paragraph at lines 136--136
\T1/cmr/m/n/12 la mi-croseg-
 []


Underfull \hbox (badness 10000) in paragraph at lines 136--136
\T1/cmr/m/n/12 men-ta-tion et
 []


Underfull \hbox (badness 10000) in paragraph at lines 136--136
\T1/cmr/m/n/12 l'application
 []


Underfull \hbox (badness 10000) in paragraph at lines 136--136
\T1/cmr/m/n/12 de poli-tiques
 []


Underfull \hbox (badness 10000) in paragraph at lines 136--136
\T1/cmr/m/n/12 mul-tido-maines
 []


Underfull \hbox (badness 10000) in paragraph at lines 136--138
[]|\T1/cmr/m/n/12 Bien qu'il
 []


Underfull \hbox (badness 10000) in paragraph at lines 136--138
\T1/cmr/m/n/12 soit pos-si-ble
 []


Underfull \hbox (badness 10000) in paragraph at lines 136--138
\T1/cmr/m/n/12 d'effectuer
 []


Underfull \hbox (badness 10000) in paragraph at lines 136--138
\T1/cmr/m/n/12 l'ingénierie
 []


Underfull \hbox (badness 10000) in paragraph at lines 136--138
\T1/cmr/m/n/12 du traf-ic en
 []


Underfull \hbox (badness 4779) in paragraph at lines 136--138
\T1/cmr/m/n/12 tiques sen-si-bles
 []


Underfull \hbox (badness 7308) in paragraph at lines 136--138
\T1/cmr/m/n/12 s, l'application
 []


Underfull \hbox (badness 10000) in paragraph at lines 136--138
\T1/cmr/m/n/12 de poli-tiques
 []


Underfull \hbox (badness 10000) in paragraph at lines 136--138
\T1/cmr/m/n/12 mul-tido-maines
 []


Overfull \hbox (22.33128pt too wide) in paragraph at lines 131--149
 |  [] 
 []

[4] [5] [6] [7] [8] [9] (Chap2.aux)
 ***********
LaTeX2e <2023-11-01> patch level 1
L3 programming layer <2024-01-04>
 ***********
 ) 
Here is how much of TeX's memory you used:
 7892 strings out of 476401
 181325 string characters out of 5796942
 1939542 words of memory out of 5000000
 29882 multiletter control sequences out of 15000+600000
 566979 words of font info for 53 fonts, out of 8000000 for 9000
 14 hyphenation exceptions out of 8191
 79i,10n,93p,965b,528s stack positions out of 10000i,1000n,20000p,200000b,200000s
 <C:\Users\HIBA\AppData\Local\MiKTeX\2.9\fonts/pk/ljfour/jknappen/ec/dpi600\e
cbx1200.pk> <C:\Users\HIBA\AppData\Local\MiKTeX\2.9\fonts/pk/ljfour/jknappen/ec
/dpi600\ecbx1440.pk> <C:\Users\HIBA\AppData\Local\MiKTeX\2.9\fonts/pk/ljfour/jk
nappen/ec/dpi600\ecbx1728.pk> <C:\Users\HIBA\AppData\Local\MiKTeX\2.9\fonts/pk/
ljfour/jknappen/ec/dpi600\ecrm1200.pk> <C:\Users\HIBA\AppData\Local\MiKTeX\2.9\
fonts/pk/ljfour/jknappen/ec/dpi600\ecbx2488.pk>
Output written on Chap2.pdf (9 pages, 94845 bytes).
PDF statistics:
 245 PDF objects out of 1000 (max. 8388607)
 0 named destinations out of 1000 (max. 500000)
 1 words of extra memory for PDF output out of 10000 (max. 10000000)

